Your RubyGems version (3.0.3.1) has a bug that prevents `required_ruby_version` from working for Bundler. Any scripts that use `gem install bundler` will break as soon as Bundler drops support for your Ruby version. Please upgrade RubyGems to avoid future breakage and silence this warning by running `gem update --system 3.2.3`
Configuration file: /Users/wstark/Desktop/docs/7_jobs/2_imperial/conferences/2_dqml_2026/DQML26.github.io/_config.yml
            Source: /Users/wstark/Desktop/docs/7_jobs/2_imperial/conferences/2_dqml_2026/DQML26.github.io
       Destination: /Users/wstark/Desktop/docs/7_jobs/2_imperial/conferences/2_dqml_2026/DQML26.github.io/_site
 Incremental build: disabled. Enable with --incremental
      Generating... 
DEPRECATION WARNING [import]: Sass @import rules are deprecated and will be removed in Dart Sass 3.0.0.

More info and automated migrator: https://sass-lang.com/d/import

   ╷
12 │ @import 'variables';
   │         ^^^^^^^^^^^
   ╵
    /Users/wstark/Desktop/docs/7_jobs/2_imperial/conferences/2_dqml_2026/DQML26.github.io/assets/scss/style.scss 12:9  root stylesheet
DEPRECATION WARNING [import]: Sass @import rules are deprecated and will be removed in Dart Sass 3.0.0.

More info and automated migrator: https://sass-lang.com/d/import

   ╷
14 │ @import 'mixins';
   │         ^^^^^^^^
   ╵
    /Users/wstark/Desktop/docs/7_jobs/2_imperial/conferences/2_dqml_2026/DQML26.github.io/assets/scss/style.scss 14:9  root stylesheet
DEPRECATION WARNING [import]: Sass @import rules are deprecated and will be removed in Dart Sass 3.0.0.

More info and automated migrator: https://sass-lang.com/d/import

   ╷
16 │ @import 'typography';
   │         ^^^^^^^^^^^^
   ╵
    /Users/wstark/Desktop/docs/7_jobs/2_imperial/conferences/2_dqml_2026/DQML26.github.io/assets/scss/style.scss 16:9  root stylesheet
DEPRECATION WARNING [import]: Sass @import rules are deprecated and will be removed in Dart Sass 3.0.0.

More info and automated migrator: https://sass-lang.com/d/import

   ╷
18 │ @import 'buttons';
   │         ^^^^^^^^^
   ╵
    /Users/wstark/Desktop/docs/7_jobs/2_imperial/conferences/2_dqml_2026/DQML26.github.io/assets/scss/style.scss 18:9  root stylesheet
DEPRECATION WARNING [import]: Sass @import rules are deprecated and will be removed in Dart Sass 3.0.0.

More info and automated migrator: https://sass-lang.com/d/import

   ╷
20 │ @import 'common';
   │         ^^^^^^^^
   ╵
    /Users/wstark/Desktop/docs/7_jobs/2_imperial/conferences/2_dqml_2026/DQML26.github.io/assets/scss/style.scss 20:9  root stylesheet
DEPRECATION WARNING [global-builtin]: Global built-in functions are deprecated and will be removed in Dart Sass 3.0.0.
Use color.adjust instead.

More info and automated migrator: https://sass-lang.com/d/import

   ╷
39 │     background: lighten($color: $primary-color, $amount: 10) !important;
   │                 ^^^^^^^^^^^^^^^^^^^^^^^^^^^^^^^^^^^^^^^^^^^^
   ╵
    /Users/wstark/Desktop/docs/7_jobs/2_imperial/conferences/2_dqml_2026/DQML26.github.io/assets/scss/_buttons.scss 39:17  @import
    /Users/wstark/Desktop/docs/7_jobs/2_imperial/conferences/2_dqml_2026/DQML26.github.io/assets/scss/style.scss 18:9      root stylesheet
DEPRECATION WARNING [color-functions]: lighten() is deprecated. Suggestions:

color.scale($color, $lightness: 17.0568561873%)
color.adjust($color, $lightness: 10%)

More info: https://sass-lang.com/d/color-functions

   ╷
39 │     background: lighten($color: $primary-color, $amount: 10) !important;
   │                 ^^^^^^^^^^^^^^^^^^^^^^^^^^^^^^^^^^^^^^^^^^^^
   ╵
    /Users/wstark/Desktop/docs/7_jobs/2_imperial/conferences/2_dqml_2026/DQML26.github.io/assets/scss/_buttons.scss 39:17  @import
    /Users/wstark/Desktop/docs/7_jobs/2_imperial/conferences/2_dqml_2026/DQML26.github.io/assets/scss/style.scss 18:9      root stylesheet
DEPRECATION WARNING [global-builtin]: Global built-in functions are deprecated and will be removed in Dart Sass 3.0.0.
Use color.adjust instead.

More info and automated migrator: https://sass-lang.com/d/import

   ╷
43 │     background: lighten($color: $primary-color, $amount: 10);
   │                 ^^^^^^^^^^^^^^^^^^^^^^^^^^^^^^^^^^^^^^^^^^^^
   ╵
    /Users/wstark/Desktop/docs/7_jobs/2_imperial/conferences/2_dqml_2026/DQML26.github.io/assets/scss/_buttons.scss 43:17  @import
    /Users/wstark/Desktop/docs/7_jobs/2_imperial/conferences/2_dqml_2026/DQML26.github.io/assets/scss/style.scss 18:9      root stylesheet
DEPRECATION WARNING [color-functions]: lighten() is deprecated. Suggestions:

color.scale($color, $lightness: 17.0568561873%)
color.adjust($color, $lightness: 10%)

More info: https://sass-lang.com/d/color-functions

   ╷
43 │     background: lighten($color: $primary-color, $amount: 10);
   │                 ^^^^^^^^^^^^^^^^^^^^^^^^^^^^^^^^^^^^^^^^^^^^
   ╵
    /Users/wstark/Desktop/docs/7_jobs/2_imperial/conferences/2_dqml_2026/DQML26.github.io/assets/scss/_buttons.scss 43:17  @import
    /Users/wstark/Desktop/docs/7_jobs/2_imperial/conferences/2_dqml_2026/DQML26.github.io/assets/scss/style.scss 18:9      root stylesheet
DEPRECATION WARNING [global-builtin]: Global built-in functions are deprecated and will be removed in Dart Sass 3.0.0.
Use color.adjust instead.

More info and automated migrator: https://sass-lang.com/d/import

   ╷
48 │     background: lighten($color: $primary-color, $amount: 10) !important;
   │                 ^^^^^^^^^^^^^^^^^^^^^^^^^^^^^^^^^^^^^^^^^^^^
   ╵
    /Users/wstark/Desktop/docs/7_jobs/2_imperial/conferences/2_dqml_2026/DQML26.github.io/assets/scss/_buttons.scss 48:17  @import
    /Users/wstark/Desktop/docs/7_jobs/2_imperial/conferences/2_dqml_2026/DQML26.github.io/assets/scss/style.scss 18:9      root stylesheet
DEPRECATION WARNING [color-functions]: lighten() is deprecated. Suggestions:

color.scale($color, $lightness: 17.0568561873%)
color.adjust($color, $lightness: 10%)

More info: https://sass-lang.com/d/color-functions

   ╷
48 │     background: lighten($color: $primary-color, $amount: 10) !important;
   │                 ^^^^^^^^^^^^^^^^^^^^^^^^^^^^^^^^^^^^^^^^^^^^
   ╵
    /Users/wstark/Desktop/docs/7_jobs/2_imperial/conferences/2_dqml_2026/DQML26.github.io/assets/scss/_buttons.scss 48:17  @import
    /Users/wstark/Desktop/docs/7_jobs/2_imperial/conferences/2_dqml_2026/DQML26.github.io/assets/scss/style.scss 18:9      root stylesheet
DEPRECATION WARNING [global-builtin]: Global built-in functions are deprecated and will be removed in Dart Sass 3.0.0.
Use color.adjust instead.

More info and automated migrator: https://sass-lang.com/d/import

  ╷
7 │   background: lighten($color: $primary-color, $amount: 10);
  │               ^^^^^^^^^^^^^^^^^^^^^^^^^^^^^^^^^^^^^^^^^^^^
  ╵
    /Users/wstark/Desktop/docs/7_jobs/2_imperial/conferences/2_dqml_2026/DQML26.github.io/assets/scss/_common.scss 7:15  @import
    /Users/wstark/Desktop/docs/7_jobs/2_imperial/conferences/2_dqml_2026/DQML26.github.io/assets/scss/style.scss 20:9    root stylesheet
DEPRECATION WARNING [color-functions]: lighten() is deprecated. Suggestions:

color.scale($color, $lightness: 17.0568561873%)
color.adjust($color, $lightness: 10%)

More info: https://sass-lang.com/d/color-functions

  ╷
7 │   background: lighten($color: $primary-color, $amount: 10);
  │               ^^^^^^^^^^^^^^^^^^^^^^^^^^^^^^^^^^^^^^^^^^^^
  ╵
    /Users/wstark/Desktop/docs/7_jobs/2_imperial/conferences/2_dqml_2026/DQML26.github.io/assets/scss/_common.scss 7:15  @import
    /Users/wstark/Desktop/docs/7_jobs/2_imperial/conferences/2_dqml_2026/DQML26.github.io/assets/scss/style.scss 20:9    root stylesheet
WARNING: 7 repetitive deprecation warnings omitted.
Run in verbose mode to see all warnings.
                    done in 0.778 seconds.
 Auto-regeneration: disabled. Use --watch to enable.
    Server address: http://127.0.0.1:4000/
  Server running... press ctrl-c to stop.
[2026-01-23 14:22:17] ERROR Errno::ECONNRESET: Connection reset by peer @ io_fillbuf - fd:11 
	/Users/wstark/.rbenv/versions/3.1.4/lib/ruby/gems/3.1.0/gems/webrick-1.9.1/lib/webrick/httpserver.rb:82:in `eof?'
	/Users/wstark/.rbenv/versions/3.1.4/lib/ruby/gems/3.1.0/gems/webrick-1.9.1/lib/webrick/httpserver.rb:82:in `run'
	/Users/wstark/.rbenv/versions/3.1.4/lib/ruby/gems/3.1.0/gems/webrick-1.9.1/lib/webrick/server.rb:310:in `block in start_thread'
[2026-01-23 14:22:17] ERROR Errno::ECONNRESET: Connection reset by peer @ io_fillbuf - fd:19 
	/Users/wstark/.rbenv/versions/3.1.4/lib/ruby/gems/3.1.0/gems/webrick-1.9.1/lib/webrick/httpserver.rb:82:in `eof?'
	/Users/wstark/.rbenv/versions/3.1.4/lib/ruby/gems/3.1.0/gems/webrick-1.9.1/lib/webrick/httpserver.rb:82:in `run'
	/Users/wstark/.rbenv/versions/3.1.4/lib/ruby/gems/3.1.0/gems/webrick-1.9.1/lib/webrick/server.rb:310:in `block in start_thread'
[2026-01-23 14:22:17] ERROR Errno::ECONNRESET: Connection reset by peer @ io_fillbuf - fd:13 
	/Users/wstark/.rbenv/versions/3.1.4/lib/ruby/gems/3.1.0/gems/webrick-1.9.1/lib/webrick/httpserver.rb:82:in `eof?'
	/Users/wstark/.rbenv/versions/3.1.4/lib/ruby/gems/3.1.0/gems/webrick-1.9.1/lib/webrick/httpserver.rb:82:in `run'
	/Users/wstark/.rbenv/versions/3.1.4/lib/ruby/gems/3.1.0/gems/webrick-1.9.1/lib/webrick/server.rb:310:in `block in start_thread'
[2026-01-23 14:22:17] ERROR Errno::ECONNRESET: Connection reset by peer @ io_fillbuf - fd:10 
	/Users/wstark/.rbenv/versions/3.1.4/lib/ruby/gems/3.1.0/gems/webrick-1.9.1/lib/webrick/httpserver.rb:82:in `eof?'
	/Users/wstark/.rbenv/versions/3.1.4/lib/ruby/gems/3.1.0/gems/webrick-1.9.1/lib/webrick/httpserver.rb:82:in `run'
	/Users/wstark/.rbenv/versions/3.1.4/lib/ruby/gems/3.1.0/gems/webrick-1.9.1/lib/webrick/server.rb:310:in `block in start_thread'
[2026-01-23 14:24:00] ERROR Errno::ECONNRESET: Connection reset by peer @ io_fillbuf - fd:10 
	/Users/wstark/.rbenv/versions/3.1.4/lib/ruby/gems/3.1.0/gems/webrick-1.9.1/lib/webrick/httpserver.rb:82:in `eof?'
	/Users/wstark/.rbenv/versions/3.1.4/lib/ruby/gems/3.1.0/gems/webrick-1.9.1/lib/webrick/httpserver.rb:82:in `run'
	/Users/wstark/.rbenv/versions/3.1.4/lib/ruby/gems/3.1.0/gems/webrick-1.9.1/lib/webrick/server.rb:310:in `block in start_thread'
[2026-01-23 14:24:00] ERROR Errno::ECONNRESET: Connection reset by peer @ io_fillbuf - fd:15 
	/Users/wstark/.rbenv/versions/3.1.4/lib/ruby/gems/3.1.0/gems/webrick-1.9.1/lib/webrick/httpserver.rb:82:in `eof?'
	/Users/wstark/.rbenv/versions/3.1.4/lib/ruby/gems/3.1.0/gems/webrick-1.9.1/lib/webrick/httpserver.rb:82:in `run'
	/Users/wstark/.rbenv/versions/3.1.4/lib/ruby/gems/3.1.0/gems/webrick-1.9.1/lib/webrick/server.rb:310:in `block in start_thread'
[2026-01-23 14:24:00] ERROR Errno::ECONNRESET: Connection reset by peer @ io_fillbuf - fd:16 
	/Users/wstark/.rbenv/versions/3.1.4/lib/ruby/gems/3.1.0/gems/webrick-1.9.1/lib/webrick/httpserver.rb:82:in `eof?'
	/Users/wstark/.rbenv/versions/3.1.4/lib/ruby/gems/3.1.0/gems/webrick-1.9.1/lib/webrick/httpserver.rb:82:in `run'
	/Users/wstark/.rbenv/versions/3.1.4/lib/ruby/gems/3.1.0/gems/webrick-1.9.1/lib/webrick/server.rb:310:in `block in start_thread'
[2026-01-23 14:24:00] ERROR Errno::ECONNRESET: Connection reset by peer @ io_fillbuf - fd:13 
	/Users/wstark/.rbenv/versions/3.1.4/lib/ruby/gems/3.1.0/gems/webrick-1.9.1/lib/webrick/httpserver.rb:82:in `eof?'
	/Users/wstark/.rbenv/versions/3.1.4/lib/ruby/gems/3.1.0/gems/webrick-1.9.1/lib/webrick/httpserver.rb:82:in `run'
	/Users/wstark/.rbenv/versions/3.1.4/lib/ruby/gems/3.1.0/gems/webrick-1.9.1/lib/webrick/server.rb:310:in `block in start_thread'
[31m                    ------------------------------------------------[0m
[31m      Jekyll 4.4.1   Please append `--trace` to the `serve` command [0m
[31m                     for any additional information or backtrace. [0m
[31m                    ------------------------------------------------[0m
/Users/wstark/.rbenv/versions/3.1.4/lib/ruby/gems/3.1.0/gems/jekyll-4.4.1/lib/jekyll/commands/serve.rb:291:in `join': SIGTERM (SignalException)
	from /Users/wstark/.rbenv/versions/3.1.4/lib/ruby/gems/3.1.0/gems/jekyll-4.4.1/lib/jekyll/commands/serve.rb:291:in `boot_or_detach'
	from /Users/wstark/.rbenv/versions/3.1.4/lib/ruby/gems/3.1.0/gems/jekyll-4.4.1/lib/jekyll/commands/serve.rb:221:in `start_up_webrick'
	from /Users/wstark/.rbenv/versions/3.1.4/lib/ruby/gems/3.1.0/gems/jekyll-4.4.1/lib/jekyll/commands/serve.rb:102:in `process'
	from /Users/wstark/.rbenv/versions/3.1.4/lib/ruby/gems/3.1.0/gems/jekyll-4.4.1/lib/jekyll/command.rb:91:in `block in process_with_graceful_fail'
	from /Users/wstark/.rbenv/versions/3.1.4/lib/ruby/gems/3.1.0/gems/jekyll-4.4.1/lib/jekyll/command.rb:91:in `each'
	from /Users/wstark/.rbenv/versions/3.1.4/lib/ruby/gems/3.1.0/gems/jekyll-4.4.1/lib/jekyll/command.rb:91:in `process_with_graceful_fail'
	from /Users/wstark/.rbenv/versions/3.1.4/lib/ruby/gems/3.1.0/gems/jekyll-4.4.1/lib/jekyll/commands/serve.rb:85:in `block (2 levels) in init_with_program'
	from /Users/wstark/.rbenv/versions/3.1.4/lib/ruby/gems/3.1.0/gems/mercenary-0.4.0/lib/mercenary/command.rb:221:in `block in execute'
	from /Users/wstark/.rbenv/versions/3.1.4/lib/ruby/gems/3.1.0/gems/mercenary-0.4.0/lib/mercenary/command.rb:221:in `each'
	from /Users/wstark/.rbenv/versions/3.1.4/lib/ruby/gems/3.1.0/gems/mercenary-0.4.0/lib/mercenary/command.rb:221:in `execute'
	from /Users/wstark/.rbenv/versions/3.1.4/lib/ruby/gems/3.1.0/gems/mercenary-0.4.0/lib/mercenary/program.rb:44:in `go'
	from /Users/wstark/.rbenv/versions/3.1.4/lib/ruby/gems/3.1.0/gems/mercenary-0.4.0/lib/mercenary.rb:21:in `program'
	from /Users/wstark/.rbenv/versions/3.1.4/lib/ruby/gems/3.1.0/gems/jekyll-4.4.1/exe/jekyll:15:in `<top (required)>'
	from /Users/wstark/.rbenv/versions/3.1.4/bin/jekyll:25:in `load'
	from /Users/wstark/.rbenv/versions/3.1.4/bin/jekyll:25:in `<main>'
